Arguments: 
  /home/lorena/.nvm/versions/node/v10.16.3/bin/node /usr/share/yarn/bin/yarn.js add react-native init tindev

PATH: 
  /home/lorena/.nvm/versions/node/v10.16.3/bin:/home/lorena/.yarn/bin:/home/lorena/.local/bin:/usr/local/sbin:/usr/local/bin:/usr/sbin:/usr/bin:/sbin:/bin:/usr/games:/usr/local/games:/snap/bin

Yarn version: 
  1.19.0

Node version: 
  10.16.3

Platform: 
  linux x64

Trace: 
  Error: https://registry.yarnpkg.com/tindev: Not found
      at Request.params.callback [as _callback] (/usr/share/yarn/lib/cli.js:66918:18)
      at Request.self.callback (/usr/share/yarn/lib/cli.js:140539:22)
      at Request.emit (events.js:198:13)
      at Request.<anonymous> (/usr/share/yarn/lib/cli.js:141511:10)
      at Request.emit (events.js:198:13)
      at IncomingMessage.<anonymous> (/usr/share/yarn/lib/cli.js:141433:12)
      at Object.onceWrapper (events.js:286:20)
      at IncomingMessage.emit (events.js:203:15)
      at endReadableNT (_stream_readable.js:1145:12)
      at process._tickCallback (internal/process/next_tick.js:63:19)

npm manifest: 
  {
    "dependencies": {
      "cors": "^2.8.5"
    }
  }

yarn manifest: 
  No manifest

Lockfile: 
  # THIS IS AN AUTOGENERATED FILE. DO NOT EDIT THIS FILE DIRECTLY.
  # yarn lockfile v1
  
  
  cors@^2.8.5:
    version "2.8.5"
    resolved "https://registry.yarnpkg.com/cors/-/cors-2.8.5.tgz#eac11da51592dd86b9f06f6e7ac293b3df875d29"
    integrity sha512-KIHbLJqu73RGr/hnbrO9uBeixNGuvSQjul/jdFvS/KFSIH1hWVd1ng7zOHx+YrEfInLG7q4n6GHQ9cDtxv/P6g==
    dependencies:
      object-assign "^4"
      vary "^1"
  
  object-assign@^4:
    version "4.1.1"
    resolved "https://registry.yarnpkg.com/object-assign/-/object-assign-4.1.1.tgz#2109adc7965887cfc05cbbd442cac8bfbb360863"
    integrity sha1-IQmtx5ZYh8/AXLvUQsrIv7s2CGM=
  
  vary@^1:
    version "1.1.2"
    resolved "https://registry.yarnpkg.com/vary/-/vary-1.1.2.tgz#2299f02c6ded30d4a5961b0b9f74524a18f634fc"
    integrity sha1-IpnwLG3tMNSllhsLn3RSShj2NPw=
